#
# A fatal error has been detected by the Java Runtime Environment:
#
#  EXCEPTION_ACCESS_VIOLATION (0xc0000005) at pc=0x00007fface410543, pid=27360, tid=17856
#
# JRE version: OpenJDK Runtime Environment (11.0.2+9) (build 11.0.2+9)
# Java VM: OpenJDK 64-Bit Server VM (11.0.2+9, mixed mode, tiered, compressed oops, g1 gc, windows-amd64)
# Problematic frame:
# C  [ig9icd64.dll+0x40543]
#
# No core dump will be written. Minidumps are not enabled by default on client versions of Windows
#
# If you would like to submit a bug report, please visit:
#   http://bugreport.java.com/bugreport/crash.jsp
# The crash happened outside the Java Virtual Machine in native code.
# See problematic frame for where to report the bug.
#

---------------  S U M M A R Y ------------

Command Line: -ea -agentlib:jdwp=transport=dt_shmem,address=javadebug -Dfile.encoding=UTF-8 bluej.runtime.ExecServer UTF-8

Host: Intel(R) Core(TM) i3-7020U CPU @ 2.30GHz, 4 cores, 3G,  Windows 10 , 64 bit Build 19041 (10.0.19041.928)
Time: Sat May  8 16:01:36 2021 Hora oficial do Brasil elapsed time: 4349 seconds (0d 1h 12m 29s)

---------------  T H R E A D  ---------------

Current thread (0x00000218eb05a800):  JavaThread "LWJGL Application" [_thread_in_native, id=17856, stack(0x0000008208f00000,0x0000008209000000)]

Stack: [0x0000008208f00000,0x0000008209000000],  sp=0x0000008208ffcc70,  free space=1011k
Native frames: (J=compiled Java code, j=interpreted, Vv=VM code, C=native code)
C  [ig9icd64.dll+0x40543]

Java frames: (J=compiled Java code, j=interpreted, Vv=VM code)
J 1270  org.lwjgl.opengl.GL11.nglDrawElements(IIIJJ)V (0 bytes) @ 0x00000218ddd41f96 [0x00000218ddd41f40+0x0000000000000056]
J 1512 c2 com.badlogic.gdx.graphics.g2d.SpriteBatch.flush()V (185 bytes) @ 0x00000218ddd9e7e0 [0x00000218ddd9d9a0+0x0000000000000e40]
J 1576 c2 com.badlogic.gdx.scenes.scene2d.Group.draw(Lcom/badlogic/gdx/graphics/g2d/Batch;F)V (35 bytes) @ 0x00000218dddc53dc [0x00000218dddc5020+0x00000000000003bc]
J 1765 c2 BaseActor.draw(Lcom/badlogic/gdx/graphics/g2d/Batch;F)V (104 bytes) @ 0x00000218dde0c03c [0x00000218dde0be40+0x00000000000001fc]
J 1600 c2 com.badlogic.gdx.scenes.scene2d.Group.drawChildren(Lcom/badlogic/gdx/graphics/g2d/Batch;F)V (551 bytes) @ 0x00000218dddc97a4 [0x00000218dddc9560+0x0000000000000244]
J 1576 c2 com.badlogic.gdx.scenes.scene2d.Group.draw(Lcom/badlogic/gdx/graphics/g2d/Batch;F)V (35 bytes) @ 0x00000218dddc5484 [0x00000218dddc5020+0x0000000000000464]
J 1807 c2 com.badlogic.gdx.scenes.scene2d.Stage.draw()V (70 bytes) @ 0x00000218dde18ecc [0x00000218dde18be0+0x00000000000002ec]
J 1957% c2 com.badlogic.gdx.backends.lwjgl.LwjglApplication.mainLoop()V (886 bytes) @ 0x00000218dde024ec [0x00000218dde02000+0x00000000000004ec]
j  com.badlogic.gdx.backends.lwjgl.LwjglApplication$1.run()V+27
v  ~StubRoutines::call_stub

siginfo: EXCEPTION_ACCESS_VIOLATION (0xc0000005), reading address 0x0000000000000000


Register to memory mapping:

RIP=0x00007fface410543 ig9icd64.dll
RAX=0x0 is NULL
RBX=0x00000218f3654f60 points into unknown readable memory: ff ff ff ff ff ff ff ff
RCX=0x0 is NULL
RDX=0x00000219214e92a0 points into unknown readable memory: 80 ec fb ea 18 02 00 00
RSP=0x0000008208ffcc70 is pointing into the stack for thread: 0x00000218eb05a800
RBP=0x00000218f37f79d0 points into unknown readable memory: 00 1d 6f f3 18 02 00 00
RSI=0x00000219214e92a0 points into unknown readable memory: 80 ec fb ea 18 02 00 00
RDI=0x00000218f37f79d0 points into unknown readable memory: 00 1d 6f f3 18 02 00 00
R8 =0x00000219214e92a0 points into unknown readable memory: 80 ec fb ea 18 02 00 00
R9 =0x00000218f36ab980 points into unknown readable memory: 40 55 67 f3 18 02 00 00
R10=0x0 is NULL
R11=0x0000000000000246 is an unknown value
R12=0x00000218f36dfcd8 points into unknown readable memory: a0 92 4e 21 19 02 00 00
R13=0x00000218f37f79d0 points into unknown readable memory: 00 1d 6f f3 18 02 00 00
R14=0x0000000000000001 is an unknown value
R15=0x0000000000000001 is an unknown value


Registers:
RAX=0x0000000000000000, RBX=0x00000218f3654f60, RCX=0x0000000000000000, RDX=0x00000219214e92a0
RSP=0x0000008208ffcc70, RBP=0x00000218f37f79d0, RSI=0x00000219214e92a0, RDI=0x00000218f37f79d0
R8 =0x00000219214e92a0, R9 =0x00000218f36ab980, R10=0x0000000000000000, R11=0x0000000000000246
R12=0x00000218f36dfcd8, R13=0x00000218f37f79d0, R14=0x0000000000000001, R15=0x0000000000000001
RIP=0x00007fface410543, EFLAGS=0x0000000000010202

Top of Stack: (sp=0x0000008208ffcc70)
0x0000008208ffcc70:   00000218f36ab980 0000021840269fc0
0x0000008208ffcc80:   0000000000000000 0000000000000000
0x0000008208ffcc90:   0000000000000001 00007fface3f7517
0x0000008208ffcca0:   00000219214e92a0 00000218f3654f60
0x0000008208ffccb0:   00000218eafbec80 00007fface40d5f7
0x0000008208ffccc0:   00000219214ed470 00000218f37f79d0
0x0000008208ffccd0:   00000219214ed470 00000219214ed538
0x0000008208ffcce0:   00000218eafbec80 0000000000000001
0x0000008208ffccf0:   00000218eafbec80 00000218f37f79d0
0x0000008208ffcd00:   0000000000000000 00000218f37f79d0
0x0000008208ffcd10:   00000219214e92c0 00007fface3f5442
0x0000008208ffcd20:   00000219214ed470 00000218f3654f60
0x0000008208ffcd30:   0000021921572280 0000000000000000
0x0000008208ffcd40:   0000000000000000 0000021900000000
0x0000008208ffcd50:   0000000000000000 0000000000000000
0x0000008208ffcd60:   0000000000000001 0000000000000001 

Instructions: (pc=0x00007fface410543)
0x00007fface410523:   90 48 8b 87 90 02 00 00 48 89 86 90 04 00 00 48
0x00007fface410533:   89 b7 90 02 00 00 ff 87 98 02 00 00 48 8b 4e 08
0x00007fface410543:   48 8b 01 ba 01 00 00 00 48 8b 80 d0 02 00 00 ff
0x00007fface410553:   15 30 b1 9d 00 48 01 87 b0 02 00 00 48 8b 4e 08 


Stack slot to memory mapping:
stack at sp + 0 slots: 0x00000218f36ab980 points into unknown readable memory: 40 55 67 f3 18 02 00 00
stack at sp + 1 slots: 0x0000021840269fc0 is an unknown value
stack at sp + 2 slots: 0x0 is NULL
stack at sp + 3 slots: 0x0 is NULL
stack at sp + 4 slots: 0x0000000000000001 is an unknown value
stack at sp + 5 slots: 0x00007fface3f7517 ig9icd64.dll
stack at sp + 6 slots: 0x00000219214e92a0 points into unknown readable memory: 80 ec fb ea 18 02 00 00
stack at sp + 7 slots: 0x00000218f3654f60 points into unknown readable memory: ff ff ff ff ff ff ff ff


---------------  P R O C E S S  ---------------

Threads class SMR info:
_java_thread_list=0x00000218f3b13960, length=19, elements={
0x00000218eab3b800, 0x00000218eab5e800, 0x00000218eabc3800, 0x00000218eabc4800,
0x00000218eabc5800, 0x00000218eab7b800, 0x00000218ead4c800, 0x00000218eae46000,
0x00000218eae4c000, 0x00000218eae4d000, 0x00000218eae5d000, 0x00000218eae77800,
0x00000218f3519000, 0x00000218f35af000, 0x00000218f3626000, 0x00000218cdee3800,
0x00000218eb05a800, 0x00000218eb05b000, 0x00000218fa520000
}

Java Threads: ( => current thread )
  0x00000218eab3b800 JavaThread "Reference Handler" daemon [_thread_blocked, id=24460, stack(0x0000008207b00000,0x0000008207c00000)]
  0x00000218eab5e800 JavaThread "Finalizer" daemon [_thread_blocked, id=25248, stack(0x0000008207c00000,0x0000008207d00000)]
  0x00000218eabc3800 JavaThread "Signal Dispatcher" daemon [_thread_blocked, id=18540, stack(0x0000008207d00000,0x0000008207e00000)]
  0x00000218eabc4800 JavaThread "Attach Listener" daemon [_thread_blocked, id=27808, stack(0x0000008207e00000,0x0000008207f00000)]
  0x00000218eabc5800 JavaThread "C2 CompilerThread0" daemon [_thread_blocked, id=25944, stack(0x0000008207f00000,0x0000008208000000)]
  0x00000218eab7b800 JavaThread "C1 CompilerThread0" daemon [_thread_blocked, id=16828, stack(0x0000008208000000,0x0000008208100000)]
  0x00000218ead4c800 JavaThread "Sweeper thread" daemon [_thread_blocked, id=776, stack(0x0000008208100000,0x0000008208200000)]
  0x00000218eae46000 JavaThread "JDWP Transport Listener: dt_shmem" daemon [_thread_blocked, id=26384, stack(0x0000008208200000,0x0000008208300000)]
  0x00000218eae4c000 JavaThread "JDWP Event Helper Thread" daemon [_thread_blocked, id=28424, stack(0x0000008208300000,0x0000008208400000)]
  0x00000218eae4d000 JavaThread "JDWP Command Reader" daemon [_thread_in_native, id=14232, stack(0x0000008208400000,0x0000008208500000)]
  0x00000218eae5d000 JavaThread "Service Thread" daemon [_thread_blocked, id=2572, stack(0x0000008208500000,0x0000008208600000)]
  0x00000218eae77800 JavaThread "Common-Cleaner" daemon [_thread_blocked, id=22964, stack(0x0000008208700000,0x0000008208800000)]
  0x00000218f3519000 JavaThread "Java2D Disposer" daemon [_thread_blocked, id=21092, stack(0x0000008208800000,0x0000008208900000)]
  0x00000218f35af000 JavaThread "AWT-Windows" daemon [_thread_in_native, id=13564, stack(0x0000008208a00000,0x0000008208b00000)]
  0x00000218f3626000 JavaThread "BlueJ worker thread" [_thread_blocked, id=32320, stack(0x0000008208c00000,0x0000008208d00000)]
  0x00000218cdee3800 JavaThread "DestroyJavaVM" [_thread_blocked, id=26668, stack(0x0000008207300000,0x0000008207400000)]
=>0x00000218eb05a800 JavaThread "LWJGL Application" [_thread_in_native, id=17856, stack(0x0000008208f00000,0x0000008209000000)]
  0x00000218eb05b000 JavaThread "main" [_thread_blocked, id=2900, stack(0x0000008209000000,0x0000008209100000)]
  0x00000218fa520000 JavaThread "LWJGL Timer" daemon [_thread_blocked, id=28916, stack(0x0000008209700000,0x0000008209800000)]

Other Threads:
  0x00000218eab37000 VMThread "VM Thread" [stack: 0x0000008207a00000,0x0000008207b00000] [id=27660]
  0x00000218eae62800 WatcherThread [stack: 0x0000008208600000,0x0000008208700000] [id=19792]
  0x00000218cdefb800 GCTaskThread "GC Thread#0" [stack: 0x0000008207500000,0x0000008207600000] [id=19972]
  0x00000218fa2b6000 GCTaskThread "GC Thread#1" [stack: 0x0000008209400000,0x0000008209500000] [id=12964]
  0x00000218fa273800 GCTaskThread "GC Thread#2" [stack: 0x0000008209500000,0x0000008209600000] [id=21600]
  0x00000218fa33b000 GCTaskThread "GC Thread#3" [stack: 0x0000008209600000,0x0000008209700000] [id=22148]
  0x00000218cdf15000 ConcurrentGCThread "G1 Main Marker" [stack: 0x0000008207600000,0x0000008207700000] [id=340]
  0x00000218cdf16800 ConcurrentGCThread "G1 Conc#0" [stack: 0x0000008207700000,0x0000008207800000] [id=20776]
  0x00000218cdf6f000 ConcurrentGCThread "G1 Refine#0" [stack: 0x0000008207800000,0x0000008207900000] [id=24016]
  0x00000218cdf70000 ConcurrentGCThread "G1 Young RemSet Sampling" [stack: 0x0000008207900000,0x0000008207a00000] [id=24228]

Threads with active compile tasks:

VM state:not at safepoint (normal execution)

VM Mutex/Monitor currently owned by a thread: None

Heap address: 0x00000000c1400000, size: 1004 MB, Compressed Oops mode: 32-bit
Narrow klass base: 0x0000000000000000, Narrow klass shift: 3
Compressed class space size: 1073741824 Address: 0x0000000100000000

Heap:
 garbage-first heap   total 65536K, used 38071K [0x00000000c1400000, 0x0000000100000000)
  region size 1024K, 34 young (34816K), 2 survivors (2048K)
 Metaspace       used 14612K, capacity 14915K, committed 15232K, reserved 1062912K
  class space    used 1283K, capacity 1387K, committed 1408K, reserved 1048576K
Heap Regions: E=young(eden), S=young(survivor), O=old, HS=humongous(starts), HC=humongous(continues), CS=collection set, F=free, A=archive, TAMS=top-at-mark-start (previous, next)
|   0|0x00000000c1400000, 0x00000000c1500000, 0x00000000c1500000|100%| O|  |TAMS 0x00000000c1400000, 0x00000000c1400000| Untracked 
|   1|0x00000000c1500000, 0x00000000c1600000, 0x00000000c1600000|100%| O|  |TAMS 0x00000000c1500000, 0x00000000c1500000| Untracked 
|   2|0x00000000c1600000, 0x00000000c1700000, 0x00000000c1700000|100%| O|  |TAMS 0x00000000c1600000, 0x00000000c1600000| Untracked 
|   3|0x00000000c1700000, 0x00000000c1800000, 0x00000000c1800000|100%| O|  |TAMS 0x00000000c1700000, 0x00000000c1700000| Untracked 
|   4|0x00000000c1800000, 0x00000000c18bda00, 0x00000000c1900000| 74%| O|  |TAMS 0x00000000c1800000, 0x00000000c1800000| Untracked 
|   5|0x00000000c1900000, 0x00000000c1900000, 0x00000000c1a00000|  0%| F|  |TAMS 0x00000000c1900000, 0x00000000c1900000| Untracked 
|   6|0x00000000c1a00000, 0x00000000c1a00000, 0x00000000c1b00000|  0%| F|  |TAMS 0x00000000c1a00000, 0x00000000c1a00000| Untracked 
|   7|0x00000000c1b00000, 0x00000000c1b00000, 0x00000000c1c00000|  0%| F|  |TAMS 0x00000000c1b00000, 0x00000000c1b00000| Untracked 
|   8|0x00000000c1c00000, 0x00000000c1c00000, 0x00000000c1d00000|  0%| F|  |TAMS 0x00000000c1c00000, 0x00000000c1c00000| Untracked 
|   9|0x00000000c1d00000, 0x00000000c1d00000, 0x00000000c1e00000|  0%| F|  |TAMS 0x00000000c1d00000, 0x00000000c1d00000| Untracked 
|  10|0x00000000c1e00000, 0x00000000c1e00000, 0x00000000c1f00000|  0%| F|  |TAMS 0x00000000c1e00000, 0x00000000c1e00000| Untracked 
|  11|0x00000000c1f00000, 0x00000000c1f00000, 0x00000000c2000000|  0%| F|  |TAMS 0x00000000c1f00000, 0x00000000c1f00000| Untracked 
|  12|0x00000000c2000000, 0x00000000c2000000, 0x00000000c2100000|  0%| F|  |TAMS 0x00000000c2000000, 0x00000000c2000000| Untracked 
|  13|0x00000000c2100000, 0x00000000c2100000, 0x00000000c2200000|  0%| F|  |TAMS 0x00000000c2100000, 0x00000000c2100000| Untracked 
|  14|0x00000000c2200000, 0x00000000c2200000, 0x00000000c2300000|  0%| F|  |TAMS 0x00000000c2200000, 0x00000000c2200000| Untracked 
|  15|0x00000000c2300000, 0x00000000c2300000, 0x00000000c2400000|  0%| F|  |TAMS 0x00000000c2300000, 0x00000000c2300000| Untracked 
|  16|0x00000000c2400000, 0x00000000c2400000, 0x00000000c2500000|  0%| F|  |TAMS 0x00000000c2400000, 0x00000000c2400000| Untracked 
|  17|0x00000000c2500000, 0x00000000c2500000, 0x00000000c2600000|  0%| F|  |TAMS 0x00000000c2500000, 0x00000000c2500000| Untracked 
|  18|0x00000000c2600000, 0x00000000c2600000, 0x00000000c2700000|  0%| F|  |TAMS 0x00000000c2600000, 0x00000000c2600000| Untracked 
|  19|0x00000000c2700000, 0x00000000c2700000, 0x00000000c2800000|  0%| F|  |TAMS 0x00000000c2700000, 0x00000000c2700000| Untracked 
|  20|0x00000000c2800000, 0x00000000c2800000, 0x00000000c2900000|  0%| F|  |TAMS 0x00000000c2800000, 0x00000000c2800000| Untracked 
|  21|0x00000000c2900000, 0x00000000c2900000, 0x00000000c2a00000|  0%| F|  |TAMS 0x00000000c2900000, 0x00000000c2900000| Untracked 
|  22|0x00000000c2a00000, 0x00000000c2a00000, 0x00000000c2b00000|  0%| F|  |TAMS 0x00000000c2a00000, 0x00000000c2a00000| Untracked 
|  23|0x00000000c2b00000, 0x00000000c2b00000, 0x00000000c2c00000|  0%| F|  |TAMS 0x00000000c2b00000, 0x00000000c2b00000| Untracked 
|  24|0x00000000c2c00000, 0x00000000c2c00000, 0x00000000c2d00000|  0%| F|  |TAMS 0x00000000c2c00000, 0x00000000c2c00000| Untracked 
|  25|0x00000000c2d00000, 0x00000000c2d00000, 0x00000000c2e00000|  0%| F|  |TAMS 0x00000000c2d00000, 0x00000000c2d00000| Untracked 
|  26|0x00000000c2e00000, 0x00000000c2e703e8, 0x00000000c2f00000| 43%| S|CS|TAMS 0x00000000c2e00000, 0x00000000c2e00000| Complete 
|  27|0x00000000c2f00000, 0x00000000c3000000, 0x00000000c3000000|100%| S|CS|TAMS 0x00000000c2f00000, 0x00000000c2f00000| Complete 
|  28|0x00000000c3000000, 0x00000000c3000000, 0x00000000c3100000|  0%| F|  |TAMS 0x00000000c3000000, 0x00000000c3000000| Untracked 
|  29|0x00000000c3100000, 0x00000000c3100000, 0x00000000c3200000|  0%| F|  |TAMS 0x00000000c3100000, 0x00000000c3100000| Untracked 
|  30|0x00000000c3200000, 0x00000000c3200000, 0x00000000c3300000|  0%| F|  |TAMS 0x00000000c3200000, 0x00000000c3200000| Untracked 
|  31|0x00000000c3300000, 0x00000000c3300000, 0x00000000c3400000|  0%| F|  |TAMS 0x00000000c3300000, 0x00000000c3300000| Untracked 
|  32|0x00000000c3400000, 0x00000000c3500000, 0x00000000c3500000|100%| E|  |TAMS 0x00000000c3400000, 0x00000000c3400000| Complete 
|  33|0x00000000c3500000, 0x00000000c3600000, 0x00000000c3600000|100%| E|CS|TAMS 0x00000000c3500000, 0x00000000c3500000| Complete 
|  34|0x00000000c3600000, 0x00000000c3700000, 0x00000000c3700000|100%| E|CS|TAMS 0x00000000c3600000, 0x00000000c3600000| Complete 
|  35|0x00000000c3700000, 0x00000000c3800000, 0x00000000c3800000|100%| E|CS|TAMS 0x00000000c3700000, 0x00000000c3700000| Complete 
|  36|0x00000000c3800000, 0x00000000c3900000, 0x00000000c3900000|100%| E|CS|TAMS 0x00000000c3800000, 0x00000000c3800000| Complete 
|  37|0x00000000c3900000, 0x00000000c3a00000, 0x00000000c3a00000|100%| E|CS|TAMS 0x00000000c3900000, 0x00000000c3900000| Complete 
|  38|0x00000000c3a00000, 0x00000000c3b00000, 0x00000000c3b00000|100%| E|CS|TAMS 0x00000000c3a00000, 0x00000000c3a00000| Complete 
|  39|0x00000000c3b00000, 0x00000000c3c00000, 0x00000000c3c00000|100%| E|CS|TAMS 0x00000000c3b00000, 0x00000000c3b00000| Complete 
|  40|0x00000000c3c00000, 0x00000000c3d00000, 0x00000000c3d00000|100%| E|CS|TAMS 0x00000000c3c00000, 0x00000000c3c00000| Complete 
|  41|0x00000000c3d00000, 0x00000000c3e00000, 0x00000000c3e00000|100%| E|CS|TAMS 0x00000000c3d00000, 0x00000000c3d00000| Complete 
|  42|0x00000000c3e00000, 0x00000000c3f00000, 0x00000000c3f00000|100%| E|CS|TAMS 0x00000000c3e00000, 0x00000000c3e00000| Complete 
|  43|0x00000000c3f00000, 0x00000000c4000000, 0x00000000c4000000|100%| E|CS|TAMS 0x00000000c3f00000, 0x00000000c3f00000| Complete 
|  44|0x00000000c4000000, 0x00000000c4100000, 0x00000000c4100000|100%| E|CS|TAMS 0x00000000c4000000, 0x00000000c4000000| Complete 
|  45|0x00000000c4100000, 0x00000000c4200000, 0x00000000c4200000|100%| E|CS|TAMS 0x00000000c4100000, 0x00000000c4100000| Complete 
|  46|0x00000000c4200000, 0x00000000c4300000, 0x00000000c4300000|100%| E|CS|TAMS 0x00000000c4200000, 0x00000000c4200000| Complete 
|  47|0x00000000c4300000, 0x00000000c4400000, 0x00000000c4400000|100%| E|CS|TAMS 0x00000000c4300000, 0x00000000c4300000| Complete 
|  48|0x00000000c4400000, 0x00000000c4500000, 0x00000000c4500000|100%| E|CS|TAMS 0x00000000c4400000, 0x00000000c4400000| Complete 
|  49|0x00000000c4500000, 0x00000000c4600000, 0x00000000c4600000|100%| E|CS|TAMS 0x00000000c4500000, 0x00000000c4500000| Complete 
|  50|0x00000000c4600000, 0x00000000c4700000, 0x00000000c4700000|100%| E|CS|TAMS 0x00000000c4600000, 0x00000000c4600000| Complete 
|  51|0x00000000c4700000, 0x00000000c4800000, 0x00000000c4800000|100%| E|CS|TAMS 0x00000000c4700000, 0x00000000c4700000| Complete 
|  52|0x00000000c4800000, 0x00000000c4900000, 0x00000000c4900000|100%| E|CS|TAMS 0x00000000c4800000, 0x00000000c4800000| Complete 
|  53|0x00000000c4900000, 0x00000000c4a00000, 0x00000000c4a00000|100%| E|CS|TAMS 0x00000000c4900000, 0x00000000c4900000| Complete 
|  54|0x00000000c4a00000, 0x00000000c4b00000, 0x00000000c4b00000|100%| E|CS|TAMS 0x00000000c4a00000, 0x00000000c4a00000| Complete 
|  55|0x00000000c4b00000, 0x00000000c4c00000, 0x00000000c4c00000|100%| E|CS|TAMS 0x00000000c4b00000, 0x00000000c4b00000| Complete 
|  56|0x00000000c4c00000, 0x00000000c4d00000, 0x00000000c4d00000|100%| E|CS|TAMS 0x00000000c4c00000, 0x00000000c4c00000| Complete 
|  57|0x00000000c4d00000, 0x00000000c4e00000, 0x00000000c4e00000|100%| E|CS|TAMS 0x00000000c4d00000, 0x00000000c4d00000| Complete 
|  58|0x00000000c4e00000, 0x00000000c4f00000, 0x00000000c4f00000|100%| E|CS|TAMS 0x00000000c4e00000, 0x00000000c4e00000| Complete 
|  59|0x00000000c4f00000, 0x00000000c5000000, 0x00000000c5000000|100%| E|CS|TAMS 0x00000000c4f00000, 0x00000000c4f00000| Complete 
|  60|0x00000000c5000000, 0x00000000c5100000, 0x00000000c5100000|100%| E|CS|TAMS 0x00000000c5000000, 0x00000000c5000000| Complete 
|  61|0x00000000c5100000, 0x00000000c5200000, 0x00000000c5200000|100%| E|CS|TAMS 0x00000000c5100000, 0x00000000c5100000| Complete 
|  62|0x00000000c5200000, 0x00000000c5300000, 0x00000000c5300000|100%| E|CS|TAMS 0x00000000c5200000, 0x00000000c5200000| Complete 
|  63|0x00000000c5300000, 0x00000000c5400000, 0x00000000c5400000|100%| E|CS|TAMS 0x00000000c5300000, 0x00000000c5300000| Complete 

Card table byte_map: [0x00000218e5a30000,0x00000218e5c30000] _byte_map_base: 0x00000218e5426000

Marking Bits (Prev, Next): (CMBitMap*) 0x00000218cdf10778, (CMBitMap*) 0x00000218cdf107b0
 Prev Bits: [0x00000218e5e30000, 0x00000218e6de0000)
 Next Bits: [0x00000218e6de0000, 0x00000218e7d90000)

Polling page: 0x00000218cde90000

Metaspace:

Usage:
  Non-class:     13.21 MB capacity,    13.02 MB ( 99%) used,   177.13 KB (  1%) free+waste,    22.44 KB ( <1%) overhead. 
      Class:      1.35 MB capacity,     1.25 MB ( 93%) used,    93.56 KB (  7%) free+waste,     9.69 KB ( <1%) overhead. 
       Both:     14.57 MB capacity,    14.27 MB ( 98%) used,   270.69 KB (  2%) free+waste,    32.13 KB ( <1%) overhead. 

Virtual space:
  Non-class space:       14.00 MB reserved,      13.50 MB ( 96%) committed 
      Class space:        1.00 GB reserved,       1.38 MB ( <1%) committed 
             Both:        1.01 GB reserved,      14.88 MB (  1%) committed 

Chunk freelists:
   Non-Class:  13.00 KB
       Class:  2.63 KB
        Both:  15.63 KB

CodeHeap 'non-profiled nmethods': size=120064Kb used=1619Kb max_used=1660Kb free=118444Kb
 bounds [0x00000218ddcd0000, 0x00000218ddf40000, 0x00000218e5210000]
CodeHeap 'profiled nmethods': size=120000Kb used=2514Kb max_used=3434Kb free=117485Kb
 bounds [0x00000218d67a0000, 0x00000218d6b00000, 0x00000218ddcd0000]
CodeHeap 'non-nmethods': size=5696Kb used=1309Kb max_used=1345Kb free=4386Kb
 bounds [0x00000218d6210000, 0x00000218d6480000, 0x00000218d67a0000]
 total_blobs=3299 nmethods=1621 adapters=532
 compilation: enabled
              stopped_count=0, restarted_count=0
 full_count=0

Compilation events (10 events):
Event: 3602.408 Thread 0x00000218eab7b800 1985       3       java.io.FileDescriptor$1::getHandle (5 bytes)
Event: 3602.413 Thread 0x00000218eab7b800 nmethod 1985 0x00000218d6838490 code [0x00000218d6838640, 0x00000218d6838798]
Event: 3605.841 Thread 0x00000218eab7b800 1986       3       java.io.FileCleanable::register (49 bytes)
Event: 3605.865 Thread 0x00000218eab7b800 nmethod 1986 0x00000218d686f410 code [0x00000218d686f640, 0x00000218d686ffa0]
Event: 3605.865 Thread 0x00000218eab7b800 1987       3       java.io.FileDescriptor::valid (25 bytes)
Event: 3605.865 Thread 0x00000218eab7b800 nmethod 1987 0x00000218d683eb10 code [0x00000218d683ecc0, 0x00000218d683eeb8]
Event: 4141.777 Thread 0x00000218eab7b800 1989       3       com.jcraft.jorbis.InfoMapping0::<init> (64 bytes)
Event: 4141.808 Thread 0x00000218eab7b800 nmethod 1989 0x00000218d688bc10 code [0x00000218d688be00, 0x00000218d688c678]
Event: 4267.769 Thread 0x00000218eabc5800 1990       4       com.jcraft.jorbis.StaticCodeBook::float32_unpack (45 bytes)
Event: 4267.842 Thread 0x00000218eabc5800 nmethod 1990 0x00000218dddd0490 code [0x00000218dddd0640, 0x00000218dddd06f8]

GC Heap History (10 events):
Event: 3193.126 GC heap before
{Heap before GC invocations=15 (full 0):
 garbage-first heap   total 65536K, used 43273K [0x00000000c1400000, 0x0000000100000000)
  region size 1024K, 38 young (38912K), 2 survivors (2048K)
 Metaspace       used 14608K, capacity 14915K, committed 15232K, reserved 1062912K
  class space    used 1283K, capacity 1387K, committed 1408K, reserved 1048576K
}
Event: 3193.164 GC heap after
{Heap after GC invocations=16 (full 0):
 garbage-first heap   total 65536K, used 6343K [0x00000000c1400000, 0x0000000100000000)
  region size 1024K, 2 young (2048K), 2 survivors (2048K)
 Metaspace       used 14608K, capacity 14915K, committed 15232K, reserved 1062912K
  class space    used 1283K, capacity 1387K, committed 1408K, reserved 1048576K
}
Event: 3427.737 GC heap before
{Heap before GC invocations=16 (full 0):
 garbage-first heap   total 65536K, used 43207K [0x00000000c1400000, 0x0000000100000000)
  region size 1024K, 38 young (38912K), 2 survivors (2048K)
 Metaspace       used 14608K, capacity 14915K, committed 15232K, reserved 1062912K
  class space    used 1283K, capacity 1387K, committed 1408K, reserved 1048576K
}
Event: 3427.779 GC heap after
{Heap after GC invocations=17 (full 0):
 garbage-first heap   total 65536K, used 6356K [0x00000000c1400000, 0x0000000100000000)
  region size 1024K, 2 young (2048K), 2 survivors (2048K)
 Metaspace       used 14608K, capacity 14915K, committed 15232K, reserved 1062912K
  class space    used 1283K, capacity 1387K, committed 1408K, reserved 1048576K
}
Event: 3668.847 GC heap before
{Heap before GC invocations=17 (full 0):
 garbage-first heap   total 65536K, used 43220K [0x00000000c1400000, 0x0000000100000000)
  region size 1024K, 38 young (38912K), 2 survivors (2048K)
 Metaspace       used 14612K, capacity 14915K, committed 15232K, reserved 1062912K
  class space    used 1283K, capacity 1387K, committed 1408K, reserved 1048576K
}
Event: 3668.890 GC heap after
{Heap after GC invocations=18 (full 0):
 garbage-first heap   total 65536K, used 6513K [0x00000000c1400000, 0x0000000100000000)
  region size 1024K, 2 young (2048K), 2 survivors (2048K)
 Metaspace       used 14612K, capacity 14915K, committed 15232K, reserved 1062912K
  class space    used 1283K, capacity 1387K, committed 1408K, reserved 1048576K
}
Event: 3896.172 GC heap before
{Heap before GC invocations=18 (full 0):
 garbage-first heap   total 65536K, used 43377K [0x00000000c1400000, 0x0000000100000000)
  region size 1024K, 38 young (38912K), 2 survivors (2048K)
 Metaspace       used 14612K, capacity 14915K, committed 15232K, reserved 1062912K
  class space    used 1283K, capacity 1387K, committed 1408K, reserved 1048576K
}
Event: 3896.208 GC heap after
{Heap after GC invocations=19 (full 0):
 garbage-first heap   total 65536K, used 6504K [0x00000000c1400000, 0x0000000100000000)
  region size 1024K, 2 young (2048K), 2 survivors (2048K)
 Metaspace       used 14612K, capacity 14915K, committed 15232K, reserved 1062912K
  class space    used 1283K, capacity 1387K, committed 1408K, reserved 1048576K
}
Event: 4139.201 GC heap before
{Heap before GC invocations=19 (full 0):
 garbage-first heap   total 65536K, used 43368K [0x00000000c1400000, 0x0000000100000000)
  region size 1024K, 38 young (38912K), 2 survivors (2048K)
 Metaspace       used 14612K, capacity 14915K, committed 15232K, reserved 1062912K
  class space    used 1283K, capacity 1387K, committed 1408K, reserved 1048576K
}
Event: 4139.251 GC heap after
{Heap after GC invocations=20 (full 0):
 garbage-first heap   total 65536K, used 6327K [0x00000000c1400000, 0x0000000100000000)
  region size 1024K, 2 young (2048K), 2 survivors (2048K)
 Metaspace       used 14612K, capacity 14915K, committed 15232K, reserved 1062912K
  class space    used 1283K, capacity 1387K, committed 1408K, reserved 1048576K
}

Deoptimization events (10 events):
Event: 56.251 Thread 0x00000218eb05a800 Uncommon trap: reason=unstable_if action=reinterpret pc=0x00000218dde022d8 method=com.badlogic.gdx.math.Rectangle.overlaps(Lcom/badlogic/gdx/math/Rectangle;)Z @ 48 c2
Event: 56.267 Thread 0x00000218eb05a800 Uncommon trap: reason=unstable_if action=reinterpret pc=0x00000218dddf7c00 method=com.badlogic.gdx.math.Rectangle.overlaps(Lcom/badlogic/gdx/math/Rectangle;)Z @ 48 c2
Event: 61.645 Thread 0x00000218eb05a800 Uncommon trap: reason=unstable_if action=reinterpret pc=0x00000218dddf4e5c method=com.badlogic.gdx.math.Intersector.overlapConvexPolygons([FII[FIILcom/badlogic/gdx/math/Intersector$MinimumTranslationVector;)Z @ 847 c2
Event: 61.662 Thread 0x00000218eb05a800 Uncommon trap: reason=unstable_if action=reinterpret pc=0x00000218dddf1650 method=com.badlogic.gdx.math.Intersector.overlapConvexPolygons([FII[FIILcom/badlogic/gdx/math/Intersector$MinimumTranslationVector;)Z @ 847 c2
Event: 68.791 Thread 0x00000218eb05a800 Uncommon trap: reason=bimorphic_or_optimized_type_check action=maybe_recompile pc=0x00000218dde0aec8 method=com.badlogic.gdx.scenes.scene2d.Actor.act(F)V @ 120 c2
Event: 74.141 Thread 0x00000218eb05a800 Uncommon trap: reason=unstable_if action=reinterpret pc=0x00000218dde1e754 method=BaseActor.isWithinDistance(FLBaseActor;)Z @ 61 c2
Event: 74.141 Thread 0x00000218eb05a800 Uncommon trap: reason=unstable_if action=reinterpret pc=0x00000218dddf6758 method=com.badlogic.gdx.scenes.scene2d.ui.Label.textEquals(Ljava/lang/CharSequence;)Z @ 23 c2
Event: 74.199 Thread 0x00000218eb05a800 Uncommon trap: reason=unstable_if action=reinterpret pc=0x00000218dde1c680 method=com.badlogic.gdx.scenes.scene2d.Actor.moveBy(FF)V @ 9 c2
Event: 705.102 Thread 0x00000218eb05a800 Uncommon trap: reason=unstable_if action=reinterpret pc=0x00000218dde58f40 method=com.badlogic.gdx.backends.lwjgl.audio.OpenALMusic.update()V @ 159 c2
Event: 705.214 Thread 0x00000218eb05a800 Uncommon trap: reason=unstable_if action=reinterpret pc=0x00000218dde1da54 method=com.badlogic.gdx.backends.lwjgl.audio.OpenALMusic.update()V @ 159 c2

Classes redefined (0 events):
No events

Internal exceptions (10 events):
Event: 19.797 Thread 0x00000218eae78800 Exception <a 'java/lang/NoSuchMethodError'{0x00000000c4bc16d0}: java.lang.invoke.DirectMethodHandle$Holder.invokeStatic(Ljava/lang/Object;IIII)Ljava/lang/Object;> (0x00000000c4bc16d0) thrown at [t:/workspace/open/src/hotspot/share/interpreter/linkResolver
Event: 19.797 Thread 0x00000218eae78800 Exception <a 'java/lang/NoSuchMethodError'{0x00000000c4bc47e8}: java.lang.invoke.DirectMethodHandle$Holder.invokeStaticInit(Ljava/lang/Object;IIII)Ljava/lang/Object;> (0x00000000c4bc47e8) thrown at [t:/workspace/open/src/hotspot/share/interpreter/linkReso
Event: 20.172 Thread 0x00000218eae78800 Exception <a 'java/lang/NoSuchMethodError'{0x00000000c4a3a4c0}: java.lang.invoke.DirectMethodHandle$Holder.invokeStatic(Ljava/lang/Object;Ljava/lang/Object;IIII)Ljava/lang/Object;> (0x00000000c4a3a4c0) thrown at [t:/workspace/open/src/hotspot/share/interp
Event: 20.172 Thread 0x00000218eae78800 Exception <a 'java/lang/NoSuchMethodError'{0x00000000c4a3d808}: java.lang.invoke.DirectMethodHandle$Holder.invokeStaticInit(Ljava/lang/Object;Ljava/lang/Object;IIII)Ljava/lang/Object;> (0x00000000c4a3d808) thrown at [t:/workspace/open/src/hotspot/share/in
Event: 20.233 Thread 0x00000218eae78800 Exception <a 'java/security/PrivilegedActionException'{0x00000000c4adad30}> (0x00000000c4adad30) thrown at [t:/workspace/open/src/hotspot/share/prims/jvm.cpp, line 1307]
Event: 20.233 Thread 0x00000218eae78800 Exception <a 'java/security/PrivilegedActionException'{0x00000000c4add748}> (0x00000000c4add748) thrown at [t:/workspace/open/src/hotspot/share/prims/jvm.cpp, line 1307]
Event: 20.233 Thread 0x00000218eae78800 Exception <a 'java/security/PrivilegedActionException'{0x00000000c4ade7e8}> (0x00000000c4ade7e8) thrown at [t:/workspace/open/src/hotspot/share/prims/jvm.cpp, line 1307]
Event: 20.238 Thread 0x00000218eae78800 Exception <a 'java/security/PrivilegedActionException'{0x00000000c4aee7f8}> (0x00000000c4aee7f8) thrown at [t:/workspace/open/src/hotspot/share/prims/jvm.cpp, line 1307]
Event: 20.239 Thread 0x00000218eae78800 Exception <a 'java/security/PrivilegedActionException'{0x00000000c4aef3b8}> (0x00000000c4aef3b8) thrown at [t:/workspace/open/src/hotspot/share/prims/jvm.cpp, line 1307]
Event: 20.239 Thread 0x00000218eae78800 Exception <a 'java/security/PrivilegedActionException'{0x00000000c4aeff38}> (0x00000000c4aeff38) thrown at [t:/workspace/open/src/hotspot/share/prims/jvm.cpp, line 1307]

Events (10 events):
Event: 3196.416 Thread 0x00000218eb05a800 DEOPT UNPACKING pc=0x00000218d624d44e sp=0x0000008208ffdfd0 mode 0
Event: 3417.065 Thread 0x00000218ead4c800 flushing nmethod 0x00000218d6afa190
Event: 3427.735 Executing VM operation: G1CollectForAllocation
Event: 3427.781 Executing VM operation: G1CollectForAllocation done
Event: 3668.844 Executing VM operation: G1CollectForAllocation
Event: 3668.892 Executing VM operation: G1CollectForAllocation done
Event: 3896.170 Executing VM operation: G1CollectForAllocation
Event: 3896.209 Executing VM operation: G1CollectForAllocation done
Event: 4139.197 Executing VM operation: G1CollectForAllocation
Event: 4139.253 Executing VM operation: G1CollectForAllocation done


Dynamic libraries:
0x00007ff62c950000 - 0x00007ff62c995000 	C:\Users\almei\Desktop\BlueJ-windows-500\BlueJ\jdk\bin\java.exe
0x00007ffb147d0000 - 0x00007ffb149c5000 	C:\WINDOWS\SYSTEM32\ntdll.dll
0x00007ffb12980000 - 0x00007ffb12a3d000 	C:\WINDOWS\System32\KERNEL32.DLL
0x00007ffb12300000 - 0x00007ffb125c8000 	C:\WINDOWS\System32\KERNELBASE.dll
0x00007ffb13390000 - 0x00007ffb13530000 	C:\WINDOWS\System32\USER32.dll
0x00007ffb12120000 - 0x00007ffb12142000 	C:\WINDOWS\System32\win32u.dll
0x00007ffb145a0000 - 0x00007ffb145ca000 	C:\WINDOWS\System32\GDI32.dll
0x00007ffb12150000 - 0x00007ffb1225b000 	C:\WINDOWS\System32\gdi32full.dll
0x00007ffb12260000 - 0x00007ffb122fd000 	C:\WINDOWS\System32\msvcp_win.dll
0x00007ffb12650000 - 0x00007ffb12750000 	C:\WINDOWS\System32\ucrtbase.dll
0x00007ffaf79f0000 - 0x00007ffaf7c8a000 	C:\WINDOWS\WinSxS\amd64_microsoft.windows.common-controls_6595b64144ccf1df_6.0.19041.844_none_ca00b6081b84eb1d\COMCTL32.dll
0x00007ffb146f0000 - 0x00007ffb1478e000 	C:\WINDOWS\System32\msvcrt.dll
0x00007ffb13e80000 - 0x00007ffb13eb0000 	C:\WINDOWS\System32\IMM32.DLL
0x00007ffb08740000 - 0x00007ffb08756000 	C:\Users\almei\Desktop\BlueJ-windows-500\BlueJ\jdk\bin\vcruntime140.dll
0x00007ffaec420000 - 0x00007ffaec4ca000 	C:\Users\almei\Desktop\BlueJ-windows-500\BlueJ\jdk\bin\msvcp140.dll
0x00007ffad1330000 - 0x00007ffad1e53000 	C:\Users\almei\Desktop\BlueJ-windows-500\BlueJ\jdk\bin\server\jvm.dll
0x00007ffb13b00000 - 0x00007ffb13bac000 	C:\WINDOWS\System32\ADVAPI32.dll
0x00007ffb144f0000 - 0x00007ffb1458b000 	C:\WINDOWS\System32\sechost.dll
0x00007ffb13590000 - 0x00007ffb136bb000 	C:\WINDOWS\System32\RPCRT4.dll
0x00007ffb13bb0000 - 0x00007ffb13bb8000 	C:\WINDOWS\System32\PSAPI.DLL
0x00007ffb09a70000 - 0x00007ffb09a79000 	C:\WINDOWS\SYSTEM32\WSOCK32.dll
0x00007ffb13eb0000 - 0x00007ffb13f1b000 	C:\WINDOWS\System32\WS2_32.dll
0x00007ffaff6b0000 - 0x00007ffaff6d7000 	C:\WINDOWS\SYSTEM32\WINMM.dll
0x00007ffb04af0000 - 0x00007ffb04afa000 	C:\WINDOWS\SYSTEM32\VERSION.dll
0x00007ffb10030000 - 0x00007ffb10042000 	C:\WINDOWS\SYSTEM32\kernel.appcore.dll
0x00007ffb06710000 - 0x00007ffb06721000 	C:\Users\almei\Desktop\BlueJ-windows-500\BlueJ\jdk\bin\verify.dll
0x00007ffb0f880000 - 0x00007ffb0fa64000 	C:\WINDOWS\SYSTEM32\DBGHELP.DLL
0x00007ffafcf40000 - 0x00007ffafcf6c000 	C:\WINDOWS\SYSTEM32\dbgcore.DLL
0x00007ffb125d0000 - 0x00007ffb12650000 	C:\WINDOWS\System32\bcryptPrimitives.dll
0x00007ffb066e0000 - 0x00007ffb06708000 	C:\Users\almei\Desktop\BlueJ-windows-500\BlueJ\jdk\bin\java.dll
0x00007ffaed0a0000 - 0x00007ffaed0d7000 	C:\Users\almei\Desktop\BlueJ-windows-500\BlueJ\jdk\bin\jdwp.dll
0x00007ffb066c0000 - 0x00007ffb066d6000 	C:\Users\almei\Desktop\BlueJ-windows-500\BlueJ\jdk\bin\zip.dll
0x00007ffb09a90000 - 0x00007ffb09a9a000 	C:\Users\almei\Desktop\BlueJ-windows-500\BlueJ\jdk\bin\jimage.dll
0x00007ffb12b90000 - 0x00007ffb132d2000 	C:\WINDOWS\System32\SHELL32.dll
0x00007ffb10050000 - 0x00007ffb107e1000 	C:\WINDOWS\SYSTEM32\windows.storage.dll
0x00007ffb137a0000 - 0x00007ffb13af5000 	C:\WINDOWS\System32\combase.dll
0x00007ffb11980000 - 0x00007ffb119ac000 	C:\WINDOWS\SYSTEM32\Wldp.dll
0x00007ffb13bc0000 - 0x00007ffb13c6e000 	C:\WINDOWS\System32\SHCORE.dll
0x00007ffb136c0000 - 0x00007ffb13715000 	C:\WINDOWS\System32\shlwapi.dll
0x00007ffb11e50000 - 0x00007ffb11e6f000 	C:\WINDOWS\SYSTEM32\profapi.dll
0x00007ffb067f0000 - 0x00007ffb067fb000 	C:\Users\almei\Desktop\BlueJ-windows-500\BlueJ\jdk\bin\dt_shmem.dll
0x00007ffb06540000 - 0x00007ffb06559000 	C:\Users\almei\Desktop\BlueJ-windows-500\bluej\jdk\bin\net.dll
0x00007ffaffff0000 - 0x00007ffb000fb000 	C:\WINDOWS\SYSTEM32\WINHTTP.dll
0x00007ffafdf50000 - 0x00007ffafe13e000 	C:\WINDOWS\SYSTEM32\urlmon.dll
0x00007ffafdca0000 - 0x00007ffafdf50000 	C:\WINDOWS\SYSTEM32\iertutil.dll
0x00007ffb116f0000 - 0x00007ffb1175a000 	C:\WINDOWS\system32\mswsock.dll
0x00007ffb06520000 - 0x00007ffb06533000 	C:\Users\almei\Desktop\BlueJ-windows-500\bluej\jdk\bin\nio.dll
0x00007ffad34d0000 - 0x00007ffad366e000 	C:\Users\almei\Desktop\BlueJ-windows-500\bluej\jdk\bin\awt.dll
0x00007ffb13f20000 - 0x00007ffb13fed000 	C:\WINDOWS\System32\OLEAUT32.dll
0x00007ffb0a420000 - 0x00007ffb0a9e0000 	C:\WINDOWS\SYSTEM32\d2d1.dll
0x00007ffb0b920000 - 0x00007ffb0b9b0000 	C:\WINDOWS\SYSTEM32\apphelp.dll
0x00007ffb0bea0000 - 0x00007ffb0bf3e000 	C:\WINDOWS\system32\uxtheme.dll
0x00007ffb145d0000 - 0x00007ffb146e5000 	C:\WINDOWS\System32\MSCTF.dll
0x00007ffb12a40000 - 0x00007ffb12b6a000 	C:\WINDOWS\System32\ole32.dll
0x0000000065580000 - 0x0000000065616000 	C:\Users\almei\AppData\Local\Temp\libgdxalmei\d1d1c1a9\gdx64.dll
0x00007ffb118c0000 - 0x00007ffb118d8000 	C:\WINDOWS\SYSTEM32\CRYPTSP.dll
0x00007ffb11020000 - 0x00007ffb11054000 	C:\WINDOWS\system32\rsaenh.dll
0x00007ffb12750000 - 0x00007ffb12777000 	C:\WINDOWS\System32\bcrypt.dll
0x00007ffb11dd0000 - 0x00007ffb11dfe000 	C:\WINDOWS\SYSTEM32\USERENV.dll
0x00007ffb118e0000 - 0x00007ffb118ec000 	C:\WINDOWS\SYSTEM32\CRYPTBASE.dll
0x00007ffb11390000 - 0x00007ffb113cb000 	C:\WINDOWS\SYSTEM32\IPHLPAPI.DLL
0x00007ffb14590000 - 0x00007ffb14598000 	C:\WINDOWS\System32\NSI.dll
0x00007ffb04190000 - 0x00007ffb041a7000 	C:\WINDOWS\SYSTEM32\dhcpcsvc6.DLL
0x00007ffb069e0000 - 0x00007ffb069fd000 	C:\WINDOWS\SYSTEM32\dhcpcsvc.DLL
0x00007ffb113e0000 - 0x00007ffb114ac000 	C:\WINDOWS\SYSTEM32\DNSAPI.dll
0x0000000180000000 - 0x0000000180053000 	C:\Users\almei\AppData\Local\Temp\libgdxalmei\dc0f0009\lwjgl64.dll
0x00007ffaf2340000 - 0x00007ffaf2466000 	C:\WINDOWS\SYSTEM32\OPENGL32.dll
0x00007ffaf5d50000 - 0x00007ffaf5d7c000 	C:\WINDOWS\SYSTEM32\GLU32.dll
0x00000218f43d0000 - 0x00000218f4434000 	C:\Users\almei\AppData\Local\Temp\libgdxalmei\dc0f0009\OpenAL64.dll
0x00007ffb132e0000 - 0x00007ffb13389000 	C:\WINDOWS\System32\clbcatq.dll
0x00007ffb074e0000 - 0x00007ffb07565000 	C:\WINDOWS\System32\MMDevApi.dll
0x00007ffb11cc0000 - 0x00007ffb11cec000 	C:\WINDOWS\System32\DEVOBJ.dll
0x00007ffb11f10000 - 0x00007ffb11f5e000 	C:\WINDOWS\System32\cfgmgr32.dll
0x00007ffadf6c0000 - 0x00007ffadf75c000 	C:\WINDOWS\SYSTEM32\dsound.dll
0x00007ffb114b0000 - 0x00007ffb114fb000 	C:\WINDOWS\SYSTEM32\powrprof.dll
0x00007ffafd050000 - 0x00007ffafd076000 	C:\WINDOWS\SYSTEM32\winmmbase.dll
0x00007ffb11370000 - 0x00007ffb11382000 	C:\WINDOWS\SYSTEM32\UMPDC.dll
0x00007ffb07570000 - 0x00007ffb076f1000 	C:\WINDOWS\SYSTEM32\AUDIOSES.DLL
0x00007ffb0f6d0000 - 0x00007ffb0f6e4000 	C:\WINDOWS\SYSTEM32\resourcepolicyclient.dll
0x00007ffb08a90000 - 0x00007ffb08b3e000 	C:\WINDOWS\SYSTEM32\mscms.dll
0x00007ffb08ce0000 - 0x00007ffb08cf1000 	C:\WINDOWS\SYSTEM32\ColorAdapterClient.dll
0x00007ffb04b40000 - 0x00007ffb04b83000 	C:\Windows\System32\Windows.Internal.Graphics.Display.DisplayColorManagement.dll
0x00007ffaef3a0000 - 0x00007ffaef499000 	C:\WINDOWS\SYSTEM32\textinputframework.dll
0x00007ffb0b0b0000 - 0x00007ffb0b40e000 	C:\WINDOWS\System32\CoreUIComponents.dll
0x00007ffb0b4d0000 - 0x00007ffb0b5c2000 	C:\WINDOWS\System32\CoreMessaging.dll
0x00007ffb10c50000 - 0x00007ffb10c83000 	C:\WINDOWS\SYSTEM32\ntmarta.dll
0x00007ffb0a9e0000 - 0x00007ffb0ab34000 	C:\WINDOWS\SYSTEM32\wintypes.dll
0x00007ffb05df0000 - 0x00007ffb05ee9000 	C:\Windows\System32\AppXDeploymentClient.dll
0x00007fface3d0000 - 0x00007ffacf2eb000 	C:\WINDOWS\System32\DriverStore\FileRepository\iigd_dch.inf_amd64_1173fb820fd297ac\ig9icd64.dll
0x00007ffb0fa70000 - 0x00007ffb0fa9f000 	C:\WINDOWS\system32\dwmapi.dll
0x00007ffb10850000 - 0x00007ffb10943000 	C:\WINDOWS\system32\dxgi.dll
0x00007ffb02d70000 - 0x00007ffb02f14000 	C:\WINDOWS\System32\DriverStore\FileRepository\iigd_dch.inf_amd64_1173fb820fd297ac\igdgmm64.dll
0x00007ffaec590000 - 0x00007ffaec5d3000 	C:\WINDOWS\SYSTEM32\icm32.dll
0x00007ffb00860000 - 0x00007ffb02cfb000 	C:\WINDOWS\System32\DriverStore\FileRepository\iigd_dch.inf_amd64_1173fb820fd297ac\igc64.dll
0x000000006a740000 - 0x000000006a7f1000 	C:\Users\almei\AppData\Local\Temp\libgdxalmei\14b90e9d\gdx-freetype64.dll

dbghelp: loaded successfully - version: 4.0.5 - missing functions: none
symbol engine: initialized successfully - sym options: 0x614 - pdb path: .;C:\Users\almei\Desktop\BlueJ-windows-500\BlueJ\jdk\bin;C:\WINDOWS\SYSTEM32;C:\WINDOWS\WinSxS\amd64_microsoft.windows.common-controls_6595b64144ccf1df_6.0.19041.844_none_ca00b6081b84eb1d;C:\Users\almei\Desktop\BlueJ-windows-500\BlueJ\jdk\bin\server;C:\Users\almei\AppData\Local\Temp\libgdxalmei\d1d1c1a9;C:\Users\almei\AppData\Local\Temp\libgdxalmei\dc0f0009;C:\WINDOWS\System32\DriverStore\FileRepository\iigd_dch.inf_amd64_1173fb820fd297ac;C:\Users\almei\AppData\Local\Temp\libgdxalmei\14b90e9d

VM Arguments:
jvm_args: -ea -agentlib:jdwp=transport=dt_shmem,address=javadebug -Dfile.encoding=UTF-8 
java_command: bluej.runtime.ExecServer UTF-8
java_class_path (initial): C:\Users\almei\Desktop\BlueJ-windows-500\bluej\lib\bluejcore.jar;C:\Users\almei\Desktop\BlueJ-windows-500\bluej\lib\junit-4.12.jar;C:\Users\almei\Desktop\BlueJ-windows-500\bluej\lib\junit-jupiter-5.5.2.jar;C:\Users\almei\Desktop\BlueJ-windows-500\bluej\lib\junit-jupiter-api-5.5.2.jar;C:\Users\almei\Desktop\BlueJ-windows-500\bluej\lib\junit-jupiter-engine-5.5.2.jar;C:\Users\almei\Desktop\BlueJ-windows-500\bluej\lib\junit-jupiter-migrationsupport-5.5.2.jar;C:\Users\almei\Desktop\BlueJ-windows-500\bluej\lib\junit-jupiter-params-5.5.2.jar;C:\Users\almei\Desktop\BlueJ-windows-500\bluej\lib\junit-platform-commons-1.5.2.jar;C:\Users\almei\Desktop\BlueJ-windows-500\bluej\lib\junit-platform-console-1.5.2.jar;C:\Users\almei\Desktop\BlueJ-windows-500\bluej\lib\junit-platform-console-standalone-1.5.2.jar;C:\Users\almei\Desktop\BlueJ-windows-500\bluej\lib\junit-platform-engine-1.5.2.jar;C:\Users\almei\Desktop\BlueJ-windows-500\bluej\lib\junit-platform-launcher-1.5.2.jar;C:\Users\almei\Desktop\BlueJ-windows-500\bluej\lib\junit-platform-reporting-1.5.2.jar;C:\Users\almei\Desktop\BlueJ-windows-500\bluej\lib\junit-platform-runner-1.5.2.jar;C:\Users\almei\Desktop\BlueJ-windows-500\bluej\lib\junit-platform-suite-api-1.5.2.jar;C:\Users\almei\Desktop\BlueJ-windows-500\bluej\lib\junit-platform-testkit-1.5.2.jar;C:\Users\almei\Desktop\BlueJ-windows-500\bluej\lib\junit-quickcheck-core-0.9.jar;C:\Users\almei\Desktop\BlueJ-windows-500\bluej\lib\junit-vintage-engine-5.5.2.jar;C:\Users\almei\Desktop\BlueJ-windows-500\bluej\lib\hamcrest-core-1.3.jar;C:\Users\almei\Desktop\BlueJ-windows-500\bluej\lib\hamcrest-library-1.3.jar;C:\Users\almei\Desktop\BlueJ-windows-500\bluej\lib\lang-stride.jar;C:\Users\almei\Desktop\BlueJ-windows-500\bluej\lib\javafx\lib\javafx.base.jar;C:\Users\almei\Desktop\BlueJ-windows-500\bluej\lib\javafx\lib\javafx.controls.jar;C:\Users\almei\Desktop\BlueJ-windows-500\bluej\lib\javafx\lib\javafx.fxml.jar;C:\Users\almei\Desktop\BlueJ-windows-500\bl
Launcher Type: SUN_STANDARD

[Global flags]
     intx CICompilerCount                          = 3                                         {product} {ergonomic}
     uint ConcGCThreads                            = 1                                         {product} {ergonomic}
     uint G1ConcRefinementThreads                  = 4                                         {product} {ergonomic}
   size_t G1HeapRegionSize                         = 1048576                                   {product} {ergonomic}
    uintx GCDrainStackTargetSize                   = 64                                        {product} {ergonomic}
   size_t InitialHeapSize                          = 67108864                                  {product} {ergonomic}
   size_t MarkStackSize                            = 4194304                                   {product} {ergonomic}
   size_t MaxHeapSize                              = 1052770304                                {product} {ergonomic}
   size_t MaxNewSize                               = 631242752                                 {product} {ergonomic}
   size_t MinHeapDeltaBytes                        = 1048576                                   {product} {ergonomic}
    uintx NonNMethodCodeHeapSize                   = 5830092                                {pd product} {ergonomic}
    uintx NonProfiledCodeHeapSize                  = 122914074                              {pd product} {ergonomic}
    uintx ProfiledCodeHeapSize                     = 122914074                              {pd product} {ergonomic}
    uintx ReservedCodeCacheSize                    = 251658240                              {pd product} {ergonomic}
     bool SegmentedCodeCache                       = true                                      {product} {ergonomic}
     bool UseCompressedClassPointers               = true                                 {lp64_product} {ergonomic}
     bool UseCompressedOops                        = true                                 {lp64_product} {ergonomic}
     bool UseG1GC                                  = true                                      {product} {ergonomic}
     bool UseLargePagesIndividualAllocation        = false                                  {pd product} {ergonomic}

Logging:
Log output configuration:
 #0: stdout all=warning uptime,level,tags
 #1: stderr all=off uptime,level,tags

Environment Variables:
PATH=C:\Program Files\Common Files\Oracle\Java\javapath;C:\Program Files\AdoptOpenJDK\jdk-11.0.10.9-hotspot\bin;C:\Program Files (x86)\Common Files\Oracle\Java\javapath;C:\WINDOWS\system32;C:\WINDOWS;C:\WINDOWS\System32\Wbem;C:\WINDOWS\System32\WindowsPowerShell\v1.0\;C:\WINDOWS\System32\OpenSSH\;C:\Program Files\MySQL\MySQL Shell 8.0\bin\;C:\Users\almei\AppData\Local\Microsoft\WindowsApps;;C:\Users\almei\AppData\Local\Programs\Microsoft VS Code\bin
USERNAME=almei
OS=Windows_NT
PROCESSOR_IDENTIFIER=Intel64 Family 6 Model 142 Stepping 10, GenuineIntel



---------------  S Y S T E M  ---------------

OS: Windows 10 , 64 bit Build 19041 (10.0.19041.928)

CPU:total 4 (initial active 4) (2 cores per cpu, 2 threads per core) family 6 model 142 stepping 10, cmov, cx8, fxsr, mmx, sse, sse2, sse3, ssse3, sse4.1, sse4.2, popcnt, avx, avx2, aes, clmul, erms, 3dnowpref, lzcnt, ht, tsc, tscinvbit, bmi1, bmi2, adx, fma

Memory: 4k page, system-wide physical 4010M (1429M free)
TotalPageFile size 14250M (AvailPageFile size 4682M)
current process WorkingSet (physical memory assigned to process): 105M, peak: 298M
current process commit charge ("private bytes"): 800M, peak: 2224M

vm_info: OpenJDK 64-Bit Server VM (11.0.2+9) for windows-amd64 JRE (11.0.2+9), built on Jan 18 2019 05:23:22 by "mach5one" with MS VC++ 15.5 (VS2017)

END.
